Determining if the pthread_create exist failed with the following output:
Change Dir: /home/naslab/sim_tools_husky/build/CMakeFiles/CMakeTmp

Run Build Command:/usr/bin/make "cmTryCompileExec119954387/fast"
/usr/bin/make -f CMakeFiles/cmTryCompileExec119954387.dir/build.make CMakeFiles/cmTryCompileExec119954387.dir/build
make[1]: Entering directory `/home/naslab/sim_tools_husky/build/CMakeFiles/CMakeTmp'
/usr/bin/cmake -E cmake_progress_report /home/naslab/sim_tools_husky/build/CMakeFiles/CMakeTmp/CMakeFiles 1
Building C object CMakeFiles/cmTryCompileExec119954387.dir/CheckSymbolExists.c.o
/usr/bin/cc    -o CMakeFiles/cmTryCompileExec119954387.dir/CheckSymbolExists.c.o   -c /home/naslab/sim_tools_husky/build/CMakeFiles/CMakeTmp/CheckSymbolExists.c
Linking C executable cmTryCompileExec119954387
/usr/bin/cmake -E cmake_link_script CMakeFiles/cmTryCompileExec119954387.dir/link.txt --verbose=1
/usr/bin/cc       CMakeFiles/cmTryCompileExec119954387.dir/CheckSymbolExists.c.o  -o cmTryCompileExec119954387 -rdynamic 
CMakeFiles/cmTryCompileExec119954387.dir/CheckSymbolExists.c.o: In function `main':
CheckSymbolExists.c:(.text+0x16): undefined reference to `pthread_create'
collect2: error: ld returned 1 exit status
make[1]: Leaving directory `/home/naslab/sim_tools_husky/build/CMakeFiles/CMakeTmp'
make[1]: *** [cmTryCompileExec119954387] Error 1
make: *** [cmTryCompileExec119954387/fast] Error 2

File /home/naslab/sim_tools_husky/build/CMakeFiles/CMakeTmp/CheckSymbolExists.c:
/* */
#include <pthread.h>

int main(int argc, char** argv)
{
  (void)argv;
#ifndef pthread_create
  return ((int*)(&pthread_create))[argc];
#else
  (void)argc;
  return 0;
#endif
}

Determining if the function pthread_create exists in the pthreads failed with the following output:
Change Dir: /home/naslab/sim_tools_husky/build/CMakeFiles/CMakeTmp

Run Build Command:/usr/bin/make "cmTryCompileExec3100637192/fast"
/usr/bin/make -f CMakeFiles/cmTryCompileExec3100637192.dir/build.make CMakeFiles/cmTryCompileExec3100637192.dir/build
make[1]: Entering directory `/home/naslab/sim_tools_husky/build/CMakeFiles/CMakeTmp'
/usr/bin/cmake -E cmake_progress_report /home/naslab/sim_tools_husky/build/CMakeFiles/CMakeTmp/CMakeFiles 1
Building C object CMakeFiles/cmTryCompileExec3100637192.dir/CheckFunctionExists.c.o
/usr/bin/cc   -DCHECK_FUNCTION_EXISTS=pthread_create   -o CMakeFiles/cmTryCompileExec3100637192.dir/CheckFunctionExists.c.o   -c /usr/share/cmake-2.8/Modules/CheckFunctionExists.c
Linking C executable cmTryCompileExec3100637192
/usr/bin/cmake -E cmake_link_script CMakeFiles/cmTryCompileExec3100637192.dir/link.txt --verbose=1
/usr/bin/cc   -DCHECK_FUNCTION_EXISTS=pthread_create    CMakeFiles/cmTryCompileExec3100637192.dir/CheckFunctionExists.c.o  -o cmTryCompileExec3100637192 -rdynamic -lpthreads 
/usr/bin/ld: cannot find -lpthreads
collect2: error: ld returned 1 exit status
make[1]: Leaving directory `/home/naslab/sim_tools_husky/build/CMakeFiles/CMakeTmp'
make[1]: *** [cmTryCompileExec3100637192] Error 1
make: *** [cmTryCompileExec3100637192/fast] Error 2


